mode: set
github.com/bannnn511/code/go/algorithm/symbol_table/binary_search_st.go:13.60,21.2 3 1
github.com/bannnn511/code/go/algorithm/symbol_table/binary_search_st.go:23.43,25.2 1 0
github.com/bannnn511/code/go/algorithm/symbol_table/binary_search_st.go:27.52,29.33 2 1
github.com/bannnn511/code/go/algorithm/symbol_table/binary_search_st.go:29.33,32.3 2 0
github.com/bannnn511/code/go/algorithm/symbol_table/binary_search_st.go:34.2,34.33 1 1
github.com/bannnn511/code/go/algorithm/symbol_table/binary_search_st.go:34.33,36.3 1 1
github.com/bannnn511/code/go/algorithm/symbol_table/binary_search_st.go:37.2,39.7 3 1
github.com/bannnn511/code/go/algorithm/symbol_table/binary_search_st.go:42.48,44.14 2 1
github.com/bannnn511/code/go/algorithm/symbol_table/binary_search_st.go:44.14,47.18 3 1
github.com/bannnn511/code/go/algorithm/symbol_table/binary_search_st.go:47.18,49.4 1 0
github.com/bannnn511/code/go/algorithm/symbol_table/binary_search_st.go:49.9,49.25 1 1
github.com/bannnn511/code/go/algorithm/symbol_table/binary_search_st.go:49.25,51.4 1 1
github.com/bannnn511/code/go/algorithm/symbol_table/binary_search_st.go:51.9,53.4 1 1
github.com/bannnn511/code/go/algorithm/symbol_table/binary_search_st.go:56.2,56.11 1 1
github.com/bannnn511/code/go/algorithm/symbol_table/binary_search_st.go:59.64,60.16 1 0
github.com/bannnn511/code/go/algorithm/symbol_table/binary_search_st.go:60.16,62.3 1 0
github.com/bannnn511/code/go/algorithm/symbol_table/binary_search_st.go:63.2,65.15 3 0
github.com/bannnn511/code/go/algorithm/symbol_table/binary_search_st.go:65.15,67.3 1 0
github.com/bannnn511/code/go/algorithm/symbol_table/binary_search_st.go:67.8,67.22 1 0
github.com/bannnn511/code/go/algorithm/symbol_table/binary_search_st.go:67.22,69.3 1 0
github.com/bannnn511/code/go/algorithm/symbol_table/binary_search_st.go:71.2,71.12 1 0
github.com/bannnn511/code/go/algorithm/symbol_table/binary_search_st.go:74.45,75.27 1 1
github.com/bannnn511/code/go/algorithm/symbol_table/binary_search_st.go:75.27,76.15 1 1
github.com/bannnn511/code/go/algorithm/symbol_table/binary_search_st.go:76.15,78.4 1 1
github.com/bannnn511/code/go/algorithm/symbol_table/binary_search_st.go:81.2,83.15 2 0
